>> Writing PID to tmp/pids/thin.pid
>> Thin web server (v1.5.0 codename Knife)
>> Maximum connections set to 1024
>> Listening on ./thin.sock, CTRL+C to stop
89.70.187.135 - - [16/Jan/2013 01:40:26] "GET / HTTP/1.0" 200 2955 0.0116
89.70.187.135 - - [16/Jan/2013 01:40:26] "GET /js/routes.js HTTP/1.0" 200 1035 0.0020
89.70.187.135 - - [16/Jan/2013 01:40:26] "GET /css/layout.css HTTP/1.0" 200 2021 0.0006
sh: line 1:  7318 Segmentation fault      node /tmp/execjs20130116-5376-cx22u4.js 2>&1
ExecJS::RuntimeError - ["ok","(function() {\n  var Main;\n\n  Main = (function() {\n\n    function Main() {}\n\n    Main.prototype.test = function() {\n      var channel, pusher;\n      pusher = new Pusher(\"3da8282fe36a89d40595\");\n      channel = pusher.subscribe(\"my-channel\");\n      return channel.bind(\"my-event\", function(data) {\n        $('#last').html(\"<hr>\" + data.message + $('#last').html());\n        $('#notification').html(data.message);\n        return document.title = data.message;\n      });\n    };\n\n    return Main;\n\n  })();\n\n  new Main().test();\n\n}).call(this);\n"]:
	/home/torianin/.rvm/gems/ruby-1.9.3-p362/gems/execjs-1.4.0/lib/execjs/external_runtime.rb:142:in `exec_runtime'
	/home/torianin/.rvm/gems/ruby-1.9.3-p362/gems/execjs-1.4.0/lib/execjs/external_runtime.rb:28:in `block in exec'
	/home/torianin/.rvm/gems/ruby-1.9.3-p362/gems/execjs-1.4.0/lib/execjs/external_runtime.rb:41:in `compile_to_tempfile'
	/home/torianin/.rvm/gems/ruby-1.9.3-p362/gems/execjs-1.4.0/lib/execjs/external_runtime.rb:27:in `exec'
	/home/torianin/.rvm/gems/ruby-1.9.3-p362/gems/execjs-1.4.0/lib/execjs/external_runtime.rb:19:in `eval'
	/home/torianin/.rvm/gems/ruby-1.9.3-p362/gems/execjs-1.4.0/lib/execjs/external_runtime.rb:33:in `call'
	/home/torianin/.rvm/gems/ruby-1.9.3-p362/gems/coffee-script-2.2.0/lib/coffee_script.rb:57:in `compile'
	/home/torianin/.rvm/gems/ruby-1.9.3-p362/gems/tilt-1.3.3/lib/tilt/coffee.rb:46:in `evaluate'
	/home/torianin/.rvm/gems/ruby-1.9.3-p362/gems/tilt-1.3.3/lib/tilt/template.rb:76:in `render'
	/home/torianin/.rvm/gems/ruby-1.9.3-p362/gems/sinatra-1.3.3/lib/sinatra/base.rb:686:in `render'
	/home/torianin/.rvm/gems/ruby-1.9.3-p362/gems/sinatra-1.3.3/lib/sinatra/base.rb:631:in `coffee'
	/home/torianin/www/pubtraffic.pl/Pubtraffic/startServer.rb:17:in `block in <top (required)>'
	/home/torianin/.rvm/gems/ruby-1.9.3-p362/gems/sinatra-1.3.3/lib/sinatra/base.rb:1265:in `call'
	/home/torianin/.rvm/gems/ruby-1.9.3-p362/gems/sinatra-1.3.3/lib/sinatra/base.rb:1265:in `block in compile!'
	/home/torianin/.rvm/gems/ruby-1.9.3-p362/gems/sinatra-1.3.3/lib/sinatra/base.rb:835:in `[]'
	/home/torianin/.rvm/gems/ruby-1.9.3-p362/gems/sinatra-1.3.3/lib/sinatra/base.rb:835:in `block (3 levels) in route!'
	/home/torianin/.rvm/gems/ruby-1.9.3-p362/gems/sinatra-1.3.3/lib/sinatra/base.rb:851:in `route_eval'
	/home/torianin/.rvm/gems/ruby-1.9.3-p362/gems/sinatra-1.3.3/lib/sinatra/base.rb:835:in `block (2 levels) in route!'
	/home/torianin/.rvm/gems/ruby-1.9.3-p362/gems/sinatra-1.3.3/lib/sinatra/base.rb:872:in `block in process_route'
	/home/torianin/.rvm/gems/ruby-1.9.3-p362/gems/sinatra-1.3.3/lib/sinatra/base.rb:870:in `catch'
	/home/torianin/.rvm/gems/ruby-1.9.3-p362/gems/sinatra-1.3.3/lib/sinatra/base.rb:870:in `process_route'
	/home/torianin/.rvm/gems/ruby-1.9.3-p362/gems/sinatra-1.3.3/lib/sinatra/base.rb:834:in `block in route!'
	/home/torianin/.rvm/gems/ruby-1.9.3-p362/gems/sinatra-1.3.3/lib/sinatra/base.rb:833:in `each'
	/home/torianin/.rvm/gems/ruby-1.9.3-p362/gems/sinatra-1.3.3/lib/sinatra/base.rb:833:in `route!'
	/home/torianin/.rvm/gems/ruby-1.9.3-p362/gems/sinatra-1.3.3/lib/sinatra/base.rb:936:in `dispatch!'
	/home/torianin/.rvm/gems/ruby-1.9.3-p362/gems/sinatra-1.3.3/lib/sinatra/base.rb:769:in `block in call!'
	/home/torianin/.rvm/gems/ruby-1.9.3-p362/gems/sinatra-1.3.3/lib/sinatra/base.rb:921:in `block in invoke'
	/home/torianin/.rvm/gems/ruby-1.9.3-p362/gems/sinatra-1.3.3/lib/sinatra/base.rb:921:in `catch'
	/home/torianin/.rvm/gems/ruby-1.9.3-p362/gems/sinatra-1.3.3/lib/sinatra/base.rb:921:in `invoke'
	/home/torianin/.rvm/gems/ruby-1.9.3-p362/gems/sinatra-1.3.3/lib/sinatra/base.rb:769:in `call!'
	/home/torianin/.rvm/gems/ruby-1.9.3-p362/gems/sinatra-1.3.3/lib/sinatra/base.rb:755:in `call'
	/home/torianin/.rvm/gems/ruby-1.9.3-p362/gems/rack-protection-1.3.2/lib/rack/protection/xss_header.rb:27:in `call'
	/home/torianin/.rvm/gems/ruby-1.9.3-p362/gems/rack-protection-1.3.2/lib/rack/protection/path_traversal.rb:16:in `call'
	/home/torianin/.rvm/gems/ruby-1.9.3-p362/gems/rack-protection-1.3.2/lib/rack/protection/json_csrf.rb:17:in `call'
	/home/torianin/.rvm/gems/ruby-1.9.3-p362/gems/rack-protection-1.3.2/lib/rack/protection/base.rb:48:in `call'
	/home/torianin/.rvm/gems/ruby-1.9.3-p362/gems/rack-protection-1.3.2/lib/rack/protection/base.rb:48:in `call'
	/home/torianin/.rvm/gems/ruby-1.9.3-p362/gems/rack-protection-1.3.2/lib/rack/protection/xss_header.rb:27:in `call'
	/home/torianin/.rvm/gems/ruby-1.9.3-p362/gems/rack-1.4.4/lib/rack/logger.rb:15:in `call'
	/home/torianin/.rvm/gems/ruby-1.9.3-p362/gems/rack-1.4.4/lib/rack/commonlogger.rb:33:in `call'
	/home/torianin/.rvm/gems/ruby-1.9.3-p362/gems/sinatra-1.3.3/lib/sinatra/base.rb:136:in `call'
	/home/torianin/.rvm/gems/ruby-1.9.3-p362/gems/sinatra-1.3.3/lib/sinatra/base.rb:129:in `call'
	/home/torianin/.rvm/gems/ruby-1.9.3-p362/gems/rack-1.4.4/lib/rack/head.rb:9:in `call'
	/home/torianin/.rvm/gems/ruby-1.9.3-p362/gems/rack-1.4.4/lib/rack/methodoverride.rb:21:in `call'
	/home/torianin/.rvm/gems/ruby-1.9.3-p362/gems/sinatra-1.3.3/lib/sinatra/base.rb:99:in `call'
	/home/torianin/.rvm/gems/ruby-1.9.3-p362/gems/sinatra-1.3.3/lib/sinatra/base.rb:1389:in `block in call'
	/home/torianin/.rvm/gems/ruby-1.9.3-p362/gems/sinatra-1.3.3/lib/sinatra/base.rb:1471:in `synchronize'
	/home/torianin/.rvm/gems/ruby-1.9.3-p362/gems/sinatra-1.3.3/lib/sinatra/base.rb:1389:in `call'
	/home/torianin/.rvm/gems/ruby-1.9.3-p362/gems/thin-1.5.0/lib/thin/connection.rb:81:in `block in pre_process'
	/home/torianin/.rvm/gems/ruby-1.9.3-p362/gems/thin-1.5.0/lib/thin/connection.rb:79:in `catch'
	/home/torianin/.rvm/gems/ruby-1.9.3-p362/gems/thin-1.5.0/lib/thin/connection.rb:79:in `pre_process'
	/home/torianin/.rvm/gems/ruby-1.9.3-p362/gems/thin-1.5.0/lib/thin/connection.rb:54:in `process'
	/home/torianin/.rvm/gems/ruby-1.9.3-p362/gems/thin-1.5.0/lib/thin/connection.rb:39:in `receive_data'
	/home/torianin/.rvm/gems/ruby-1.9.3-p362/gems/eventmachine-1.0.0/lib/eventmachine.rb:187:in `run_machine'
	/home/torianin/.rvm/gems/ruby-1.9.3-p362/gems/eventmachine-1.0.0/lib/eventmachine.rb:187:in `run'
	/home/torianin/.rvm/gems/ruby-1.9.3-p362/gems/thin-1.5.0/lib/thin/backends/base.rb:63:in `start'
	/home/torianin/.rvm/gems/ruby-1.9.3-p362/gems/thin-1.5.0/lib/thin/server.rb:159:in `start'
	/home/torianin/.rvm/gems/ruby-1.9.3-p362/gems/thin-1.5.0/lib/thin/controllers/controller.rb:86:in `start'
	/home/torianin/.rvm/gems/ruby-1.9.3-p362/gems/thin-1.5.0/lib/thin/runner.rb:187:in `run_command'
	/home/torianin/.rvm/gems/ruby-1.9.3-p362/gems/thin-1.5.0/lib/thin/runner.rb:152:in `run!'
	/home/torianin/.rvm/gems/ruby-1.9.3-p362/gems/thin-1.5.0/bin/thin:6:in `<top (required)>'
	/home/torianin/.rvm/gems/ruby-1.9.3-p362/bin/thin:19:in `load'
	/home/torianin/.rvm/gems/ruby-1.9.3-p362/bin/thin:19:in `<main>'
	/home/torianin/.rvm/gems/ruby-1.9.3-p362/bin/ruby_noexec_wrapper:14:in `eval'
	/home/torianin/.rvm/gems/ruby-1.9.3-p362/bin/ruby_noexec_wrapper:14:in `<main>'
89.70.187.135 - - [16/Jan/2013 01:40:27] "GET /app.js HTTP/1.0" 500 30 1.2636
89.70.187.135 - - [16/Jan/2013 01:40:27] "GET /css/style.css HTTP/1.0" 200 2189 0.0328
89.70.187.135 - - [16/Jan/2013 01:40:28] "GET /images/background_image.png HTTP/1.0" 200 9189 0.0009
89.70.187.135 - - [16/Jan/2013 01:40:28] "GET /images/small-logo.png HTTP/1.0" 200 10159 0.0006
89.70.187.135 - - [16/Jan/2013 01:46:13] "GET / HTTP/1.0" 200 2955 0.0033
89.70.187.135 - - [16/Jan/2013 01:46:13] "GET /js/google-maps.js HTTP/1.0" 200 1221 0.0006
89.70.187.135 - - [16/Jan/2013 01:46:13] "GET /js/sammy.js HTTP/1.0" 200 77145 0.0005
89.70.187.135 - - [16/Jan/2013 01:46:13] "GET /css/skeleton.css HTTP/1.0" 200 9843 0.0004
89.70.187.135 - - [16/Jan/2013 01:46:13] "GET /css/style.css HTTP/1.0" 200 2189 0.0004
sh: line 1: 11681 Segmentation fault      node /tmp/execjs20130116-5376-1xagfx6.js 2>&1
ExecJS::RuntimeError - ["ok","(function() {\n  var Main;\n\n  Main = (function() {\n\n    function Main() {}\n\n    Main.prototype.test = function() {\n      var channel, pusher;\n      pusher = new Pusher(\"3da8282fe36a89d40595\");\n      channel = pusher.subscribe(\"my-channel\");\n      return channel.bind(\"my-event\", function(data) {\n        $('#last').html(\"<hr>\" + data.message + $('#last').html());\n        $('#notification').html(data.message);\n        return document.title = data.message;\n      });\n    };\n\n    return Main;\n\n  })();\n\n  new Main().test();\n\n}).call(this);\n"]:
	/home/torianin/.rvm/gems/ruby-1.9.3-p362/gems/execjs-1.4.0/lib/execjs/external_runtime.rb:142:in `exec_runtime'
	/home/torianin/.rvm/gems/ruby-1.9.3-p362/gems/execjs-1.4.0/lib/execjs/external_runtime.rb:28:in `block in exec'
	/home/torianin/.rvm/gems/ruby-1.9.3-p362/gems/execjs-1.4.0/lib/execjs/external_runtime.rb:41:in `compile_to_tempfile'
	/home/torianin/.rvm/gems/ruby-1.9.3-p362/gems/execjs-1.4.0/lib/execjs/external_runtime.rb:27:in `exec'
	/home/torianin/.rvm/gems/ruby-1.9.3-p362/gems/execjs-1.4.0/lib/execjs/external_runtime.rb:19:in `eval'
	/home/torianin/.rvm/gems/ruby-1.9.3-p362/gems/execjs-1.4.0/lib/execjs/external_runtime.rb:33:in `call'
	/home/torianin/.rvm/gems/ruby-1.9.3-p362/gems/coffee-script-2.2.0/lib/coffee_script.rb:57:in `compile'
	/home/torianin/.rvm/gems/ruby-1.9.3-p362/gems/tilt-1.3.3/lib/tilt/coffee.rb:46:in `evaluate'
	/home/torianin/.rvm/gems/ruby-1.9.3-p362/gems/tilt-1.3.3/lib/tilt/template.rb:76:in `render'
	/home/torianin/.rvm/gems/ruby-1.9.3-p362/gems/sinatra-1.3.3/lib/sinatra/base.rb:686:in `render'
	/home/torianin/.rvm/gems/ruby-1.9.3-p362/gems/sinatra-1.3.3/lib/sinatra/base.rb:631:in `coffee'
	/home/torianin/www/pubtraffic.pl/Pubtraffic/startServer.rb:17:in `block in <top (required)>'
	/home/torianin/.rvm/gems/ruby-1.9.3-p362/gems/sinatra-1.3.3/lib/sinatra/base.rb:1265:in `call'
	/home/torianin/.rvm/gems/ruby-1.9.3-p362/gems/sinatra-1.3.3/lib/sinatra/base.rb:1265:in `block in compile!'
	/home/torianin/.rvm/gems/ruby-1.9.3-p362/gems/sinatra-1.3.3/lib/sinatra/base.rb:835:in `[]'
	/home/torianin/.rvm/gems/ruby-1.9.3-p362/gems/sinatra-1.3.3/lib/sinatra/base.rb:835:in `block (3 levels) in route!'
	/home/torianin/.rvm/gems/ruby-1.9.3-p362/gems/sinatra-1.3.3/lib/sinatra/base.rb:851:in `route_eval'
	/home/torianin/.rvm/gems/ruby-1.9.3-p362/gems/sinatra-1.3.3/lib/sinatra/base.rb:835:in `block (2 levels) in route!'
	/home/torianin/.rvm/gems/ruby-1.9.3-p362/gems/sinatra-1.3.3/lib/sinatra/base.rb:872:in `block in process_route'
	/home/torianin/.rvm/gems/ruby-1.9.3-p362/gems/sinatra-1.3.3/lib/sinatra/base.rb:870:in `catch'
	/home/torianin/.rvm/gems/ruby-1.9.3-p362/gems/sinatra-1.3.3/lib/sinatra/base.rb:870:in `process_route'
	/home/torianin/.rvm/gems/ruby-1.9.3-p362/gems/sinatra-1.3.3/lib/sinatra/base.rb:834:in `block in route!'
	/home/torianin/.rvm/gems/ruby-1.9.3-p362/gems/sinatra-1.3.3/lib/sinatra/base.rb:833:in `each'
	/home/torianin/.rvm/gems/ruby-1.9.3-p362/gems/sinatra-1.3.3/lib/sinatra/base.rb:833:in `route!'
	/home/torianin/.rvm/gems/ruby-1.9.3-p362/gems/sinatra-1.3.3/lib/sinatra/base.rb:936:in `dispatch!'
	/home/torianin/.rvm/gems/ruby-1.9.3-p362/gems/sinatra-1.3.3/lib/sinatra/base.rb:769:in `block in call!'
	/home/torianin/.rvm/gems/ruby-1.9.3-p362/gems/sinatra-1.3.3/lib/sinatra/base.rb:921:in `block in invoke'
	/home/torianin/.rvm/gems/ruby-1.9.3-p362/gems/sinatra-1.3.3/lib/sinatra/base.rb:921:in `catch'
	/home/torianin/.rvm/gems/ruby-1.9.3-p362/gems/sinatra-1.3.3/lib/sinatra/base.rb:921:in `invoke'
	/home/torianin/.rvm/gems/ruby-1.9.3-p362/gems/sinatra-1.3.3/lib/sinatra/base.rb:769:in `call!'
	/home/torianin/.rvm/gems/ruby-1.9.3-p362/gems/sinatra-1.3.3/lib/sinatra/base.rb:755:in `call'
	/home/torianin/.rvm/gems/ruby-1.9.3-p362/gems/rack-protection-1.3.2/lib/rack/protection/xss_header.rb:27:in `call'
	/home/torianin/.rvm/gems/ruby-1.9.3-p362/gems/rack-protection-1.3.2/lib/rack/protection/path_traversal.rb:16:in `call'
	/home/torianin/.rvm/gems/ruby-1.9.3-p362/gems/rack-protection-1.3.2/lib/rack/protection/json_csrf.rb:17:in `call'
	/home/torianin/.rvm/gems/ruby-1.9.3-p362/gems/rack-protection-1.3.2/lib/rack/protection/base.rb:48:in `call'
	/home/torianin/.rvm/gems/ruby-1.9.3-p362/gems/rack-protection-1.3.2/lib/rack/protection/base.rb:48:in `call'
	/home/torianin/.rvm/gems/ruby-1.9.3-p362/gems/rack-protection-1.3.2/lib/rack/protection/xss_header.rb:27:in `call'
	/home/torianin/.rvm/gems/ruby-1.9.3-p362/gems/rack-1.4.4/lib/rack/logger.rb:15:in `call'
	/home/torianin/.rvm/gems/ruby-1.9.3-p362/gems/rack-1.4.4/lib/rack/commonlogger.rb:33:in `call'
	/home/torianin/.rvm/gems/ruby-1.9.3-p362/gems/sinatra-1.3.3/lib/sinatra/base.rb:136:in `call'
	/home/torianin/.rvm/gems/ruby-1.9.3-p362/gems/sinatra-1.3.3/lib/sinatra/base.rb:129:in `call'
	/home/torianin/.rvm/gems/ruby-1.9.3-p362/gems/rack-1.4.4/lib/rack/head.rb:9:in `call'
	/home/torianin/.rvm/gems/ruby-1.9.3-p362/gems/rack-1.4.4/lib/rack/methodoverride.rb:21:in `call'
	/home/torianin/.rvm/gems/ruby-1.9.3-p362/gems/sinatra-1.3.3/lib/sinatra/base.rb:99:in `call'
	/home/torianin/.rvm/gems/ruby-1.9.3-p362/gems/sinatra-1.3.3/lib/sinatra/base.rb:1389:in `block in call'
	/home/torianin/.rvm/gems/ruby-1.9.3-p362/gems/sinatra-1.3.3/lib/sinatra/base.rb:1471:in `synchronize'
	/home/torianin/.rvm/gems/ruby-1.9.3-p362/gems/sinatra-1.3.3/lib/sinatra/base.rb:1389:in `call'
	/home/torianin/.rvm/gems/ruby-1.9.3-p362/gems/thin-1.5.0/lib/thin/connection.rb:81:in `block in pre_process'
	/home/torianin/.rvm/gems/ruby-1.9.3-p362/gems/thin-1.5.0/lib/thin/connection.rb:79:in `catch'
	/home/torianin/.rvm/gems/ruby-1.9.3-p362/gems/thin-1.5.0/lib/thin/connection.rb:79:in `pre_process'
	/home/torianin/.rvm/gems/ruby-1.9.3-p362/gems/thin-1.5.0/lib/thin/connection.rb:54:in `process'
	/home/torianin/.rvm/gems/ruby-1.9.3-p362/gems/thin-1.5.0/lib/thin/connection.rb:39:in `receive_data'
	/home/torianin/.rvm/gems/ruby-1.9.3-p362/gems/eventmachine-1.0.0/lib/eventmachine.rb:187:in `run_machine'
	/home/torianin/.rvm/gems/ruby-1.9.3-p362/gems/eventmachine-1.0.0/lib/eventmachine.rb:187:in `run'
	/home/torianin/.rvm/gems/ruby-1.9.3-p362/gems/thin-1.5.0/lib/thin/backends/base.rb:63:in `start'
	/home/torianin/.rvm/gems/ruby-1.9.3-p362/gems/thin-1.5.0/lib/thin/server.rb:159:in `start'
	/home/torianin/.rvm/gems/ruby-1.9.3-p362/gems/thin-1.5.0/lib/thin/controllers/controller.rb:86:in `start'
	/home/torianin/.rvm/gems/ruby-1.9.3-p362/gems/thin-1.5.0/lib/thin/runner.rb:187:in `run_command'
	/home/torianin/.rvm/gems/ruby-1.9.3-p362/gems/thin-1.5.0/lib/thin/runner.rb:152:in `run!'
	/home/torianin/.rvm/gems/ruby-1.9.3-p362/gems/thin-1.5.0/bin/thin:6:in `<top (required)>'
	/home/torianin/.rvm/gems/ruby-1.9.3-p362/bin/thin:19:in `load'
	/home/torianin/.rvm/gems/ruby-1.9.3-p362/bin/thin:19:in `<main>'
	/home/torianin/.rvm/gems/ruby-1.9.3-p362/bin/ruby_noexec_wrapper:14:in `eval'
	/home/torianin/.rvm/gems/ruby-1.9.3-p362/bin/ruby_noexec_wrapper:14:in `<main>'
89.70.187.135 - - [16/Jan/2013 01:46:13] "GET /app.js HTTP/1.0" 500 30 0.1288
89.70.187.135 - - [16/Jan/2013 01:46:13] "GET /css/layout.css HTTP/1.0" 304 - 0.0004
89.70.187.135 - - [16/Jan/2013 01:46:13] "GET /css/base.css HTTP/1.0" 200 9021 0.0005
89.70.187.135 - - [16/Jan/2013 01:46:14] "GET /js/routes.js HTTP/1.0" 304 - 0.0005
89.70.187.135 - - [16/Jan/2013 01:46:15] "GET /images/background_image.png HTTP/1.0" 304 - 0.0004
89.70.187.135 - - [16/Jan/2013 01:46:15] "GET /images/small-logo.png HTTP/1.0" 304 - 0.0003
